{"name": "Change profile name", "status": "broken", "statusDetails": {"message": "selenium.common.exceptions.TimeoutException: Message:", "trace": "self = <feature_test.TestProfileFeature object at 0x70a0d413d3d0>\n\n    @allure.title(\"Change profile name\")\n    @allure.severity(\"Critical\")\n    @pytest.mark.smoke\n    def test_change_profile_name(self):\n    \n        self.login_page.open()\n        self.login_page.enter_login(self.data.LOGIN)\n        self.login_page.enter_password(self.data.PASSWORD)\n        self.login_page.click_submit_button()\n    \n        self.dashboard.is_opened() #Проверить\n        self.dashboard.click_transfers()\n    \n        self.transfers.open()\n        self.transfers.click_buttom_transfer()\n        self.transfers.select_source_account()\n        self.transfers.сlick_from_account()\n        self.transfers.select_destination_account()\n        self.transfers.сlick_my_account()\n        self.transfers.amount_fild(f\"{random.randint(1,100)}\")\n        self.transfers.is_changes_saved()\n>       self.transfers.button_transfer_money()\n\ntests/feature_test.py:31: \n_ _ _ _ _ _ _ _ _ _ _ _ _ _ _ _ _ _ _ _ _ _ _ _ _ _ _ _ _ _ _ _ _ _ _ _ _ _ _ _ \npages/transfers.py:56: in button_transfer_money\n    self.wait.until(EC.element_to_be_clickable(self.button)).click()\n    ^^^^^^^^^^^^^^^^^^^^^^^^^^^^^^^^^^^^^^^^^^^^^^^^^^^^^^^^\n_ _ _ _ _ _ _ _ _ _ _ _ _ _ _ _ _ _ _ _ _ _ _ _ _ _ _ _ _ _ _ _ _ _ _ _ _ _ _ _ \n\nself = <selenium.webdriver.support.wait.WebDriverWait (session=\"b58b9f4b79c63d7355b2a32bc87a7bc7\")>\nmethod = <function element_to_be_clickable.<locals>._predicate at 0x70a0d39d4ea0>\nmessage = ''\n\n    def until(self, method: Callable[[D], Union[Literal[False], T]], message: str = \"\") -> T:\n        \"\"\"Wait until the method returns a value that is not False.\n    \n        Calls the method provided with the driver as an argument until the\n        return value does not evaluate to ``False``.\n    \n        Parameters:\n        -----------\n        method: callable(WebDriver)\n            - A callable object that takes a WebDriver instance as an argument.\n    \n        message: str\n            - Optional message for :exc:`TimeoutException`\n    \n        Return:\n        -------\n        object: T\n            - The result of the last call to `method`\n    \n        Raises:\n        -------\n        TimeoutException\n            - If 'method' does not return a truthy value within the WebDriverWait\n            object's timeout\n    \n        Example:\n        --------\n        >>> from selenium.webdriver.common.by import By\n        >>> from selenium.webdriver.support.ui import WebDriverWait\n        >>> from selenium.webdriver.support import expected_conditions as EC\n    \n        # Wait until an element is visible on the page\n        >>> wait = WebDriverWait(driver, 10)\n        >>> element = wait.until(EC.visibility_of_element_located((By.ID, \"exampleId\")))\n        >>> print(element.text)\n        \"\"\"\n        screen = None\n        stacktrace = None\n    \n        end_time = time.monotonic() + self._timeout\n        while True:\n            try:\n                value = method(self._driver)\n                if value:\n                    return value\n            except self._ignored_exceptions as exc:\n                screen = getattr(exc, \"screen\", None)\n                stacktrace = getattr(exc, \"stacktrace\", None)\n            if time.monotonic() > end_time:\n                break\n            time.sleep(self._poll)\n>       raise TimeoutException(message, screen, stacktrace)\nE       selenium.common.exceptions.TimeoutException: Message:\n\n../local/lib/python3.12/site-packages/selenium/webdriver/support/wait.py:138: TimeoutException"}, "steps": [{"name": "Open page: https://artqatest.ru/palamarchuk/login", "status": "passed", "start": 1755834764616, "stop": 1755834764926}, {"name": "Enter login", "status": "passed", "parameters": [{"name": "login", "value": "'user@bank.test'"}], "start": 1755834764926, "stop": 1755834765139}, {"name": "Enter password", "status": "passed", "parameters": [{"name": "password", "value": "'password123'"}], "start": 1755834765139, "stop": 1755834765197}, {"name": "Click submit button", "status": "passed", "start": 1755834765198, "stop": 1755834765241}, {"name": "Open is opened: https://artqatest.ru/palamarchuk/dashboard", "status": "passed", "start": 1755834765241, "stop": 1755834766248}, {"name": "Go to click_transfers ", "status": "passed", "start": 1755834766248, "stop": 1755834766306}, {"name": "Open page: https://artqatest.ru/palamarchuk/dashboard", "status": "passed", "start": 1755834766306, "stop": 1755834766402}, {"name": "Click on buttom_transfer", "status": "passed", "steps": [{"name": "Go to click_transfers ", "status": "passed", "start": 1755834766402, "stop": 1755834766455}], "start": 1755834766402, "stop": 1755834766455}, {"name": "Click on 'select source account'", "status": "passed", "start": 1755834766455, "stop": 1755834767522}, {"name": "Click on from account", "status": "passed", "start": 1755834767522, "stop": 1755834767557}, {"name": "Click on 'select destination account'", "status": "passed", "start": 1755834767557, "stop": 1755834767605}, {"name": "Click on 'to my account'", "status": "passed", "start": 1755834767606, "stop": 1755834767644}, {"name": "Change amount fild on 33", "status": "passed", "start": 1755834767645, "stop": 1755834767722}, {"name": "Change saved", "status": "passed", "start": 1755834767722, "stop": 1755834767732}, {"name": "Click transfer money", "status": "broken", "statusDetails": {"message": "selenium.common.exceptions.TimeoutException: Message: \n\n", "trace": "  File \"/usr/local/lib/python3.12/site-packages/allure_commons/_allure.py\", line 202, in impl\n    return func(*a, **kw)\n           ^^^^^^^^^^^^^^\n  File \"/usr/workspace/pages/transfers.py\", line 56, in button_transfer_money\n    self.wait.until(EC.element_to_be_clickable(self.button)).click()\n    ^^^^^^^^^^^^^^^^^^^^^^^^^^^^^^^^^^^^^^^^^^^^^^^^^^^^^^^^\n  File \"/usr/local/lib/python3.12/site-packages/selenium/webdriver/support/wait.py\", line 138, in until\n    raise TimeoutException(message, screen, stacktrace)\n"}, "start": 1755834767732, "stop": 1755834777806}], "start": 1755834764616, "stop": 1755834777810, "uuid": "5307c207-c29a-4ab7-92b1-c01483f2533a", "historyId": "a5489abd632d85875c434b097b29393e", "testCaseId": "a5489abd632d85875c434b097b29393e", "fullName": "tests.feature_test.TestProfileFeature#test_change_profile_name", "labels": [{"name": "feature", "value": "Profile functionality"}, {"name": "severity", "value": "Critical"}, {"name": "tag", "value": "smoke"}, {"name": "parentSuite", "value": "tests"}, {"name": "suite", "value": "feature_test"}, {"name": "subSuite", "value": "TestProfileFeature"}, {"name": "host", "value": "4ce82bcfa662"}, {"name": "thread", "value": "1-MainThread"}, {"name": "framework", "value": "pytest"}, {"name": "language", "value": "cpython3"}, {"name": "package", "value": "tests.feature_test"}], "titlePath": ["tests", "feature_test.py", "TestProfileFeature"]}